<?xml version="1.0" encoding="UTF-8"?>
<!-- Generated by org.testng.reporters.JUnitXMLReporter -->
<testsuite hostname="DESKTOP-6HTCB4G" ignored="0" name="Default test" tests="5" failures="0" timestamp="11 Nov 2021 14:00:41 GMT" time="2.738" errors="0">
  <testcase name="test" time="0.016" classname="org.will.DataDriven_Provider"/>
  <testcase name="test" time="0.0" classname="org.will.DataDriven_Provider"/>
  <testcase name="test" time="0.0" classname="org.will.DataDriven_Provider"/>
  <testcase name="test" time="0.0" classname="org.will.DataDriven_Provider"/>
  <testcase name="test" time="0.0" classname="org.will.DataDriven_Provider"/>
</testsuite> <!-- Default test -->
