<?xml version="1.0" encoding="UTF-8"?>
<!-- Generated by org.testng.reporters.JUnitXMLReporter -->
<testsuite hostname="DESKTOP-6HTCB4G" ignored="0" name="Test2" tests="9" failures="0" timestamp="11 Nov 2021 03:37:10 GMT" time="0.156" errors="0">
  <testcase name="test1" time="0.015" classname="parallel.Add"/>
  <testcase name="test2" time="0.0" classname="parallel.Add"/>
  <testcase name="test3" time="0.0" classname="parallel.Add"/>
  <testcase name="test1" time="0.016" classname="parallel.Sub"/>
  <testcase name="test2" time="0.0" classname="parallel.Sub"/>
  <testcase name="test3" time="0.015" classname="parallel.Sub"/>
  <testcase name="test1" time="0.0" classname="parallel.Mul"/>
  <testcase name="test2" time="0.016" classname="parallel.Mul"/>
  <testcase name="test3" time="0.015" classname="parallel.Mul"/>
</testsuite> <!-- Test2 -->
