<?xml version="1.0" encoding="UTF-8"?>
<!-- Generated by org.testng.reporters.JUnitXMLReporter -->
<testsuite hostname="DESKTOP-6HTCB4G" ignored="2" name="Default test(failed)(failed)(failed)(failed)" tests="1" failures="1" timestamp="08 Oct 2021 11:56:59 GMT" time="0.078" errors="0">
  <testcase name="testA2" time="0.016" classname="org.run.Rerun">
    <failure type="java.lang.AssertionError" message="expected [true] but found [false]">
      <![CDATA[java.lang.AssertionError: expected [true] but found [false]
at org.run.Rerun.testA2(Rerun.java:14)
... Removed 29 stack frames]]>
    </failure>
  </testcase> <!-- testA2 -->
  <testcase name="testA3" time="0.0" classname="org.run.Rerun">
    <ignored/>
  </testcase> <!-- testA3 -->
  <testcase name="testA1" time="0.0" classname="org.run.Rerun">
    <ignored/>
  </testcase> <!-- testA1 -->
</testsuite> <!-- Default test(failed)(failed)(failed)(failed) -->
